Using pre-set license
Built from '2020.3/staging' branch; Version is '2020.3.22f1 (e1a7f79fd887) revision 14788599'; Using compiler version '192528614'; Build Type 'Release'
OS: 'Windows 10 Pro; OS build 19042.1348; Version 2009; 64bit' Language: 'ja' Physical Memory: 8079 MB
BatchMode: 1, IsHumanControllingUs: 0, StartBugReporterOnCrash: 0, Is64bit: 1, IsPro: 0

COMMAND LINE ARGUMENTS:
C:\Program Files\Unity\Hub\Editor\2020.3.22f1\Editor\Unity.exe
-adb2
-batchMode
-noUpm
-name
AssetImportWorker0
-projectPath
C:/Users/o-クレゾール/Documents/GitHub/Stereoscopic_Vision/Stereoscopic Vision
-logFile
Logs/AssetImportWorker0.log
-srvPort
49474
Successfully changed project path to: C:/Users/o-クレゾール/Documents/GitHub/Stereoscopic_Vision/Stereoscopic Vision
C:/Users/o-クレゾール/Documents/GitHub/Stereoscopic_Vision/Stereoscopic Vision
Using Asset Import Pipeline V2.
Refreshing native plugins compatible for Editor in 100.34 ms, found 5 plugins.
Preloading 0 native plugins for Editor in 0.00 ms.
Initialize engine version: 2020.3.22f1 (e1a7f79fd887)
[Subsystems] Discovering subsystems at path C:/Program Files/Unity/Hub/Editor/2020.3.22f1/Editor/Data/Resources/UnitySubsystems
[Subsystems] Discovering subsystems at path C:/Users/o-クレゾール/Documents/GitHub/Stereoscopic_Vision/Stereoscopic Vision/Assets
GfxDevice: creating device client; threaded=0
Direct3D:
    Version:  Direct3D 11.0 [level 11.1]
    Renderer: Intel(R) UHD Graphics 620 (ID=0x5917)
    Vendor:   
    VRAM:     4039 MB
    Driver:   25.20.100.6444
Initialize mono
Mono path[0] = 'C:/Program Files/Unity/Hub/Editor/2020.3.22f1/Editor/Data/Managed'
Mono path[1] = 'C:/Program Files/Unity/Hub/Editor/2020.3.22f1/Editor/Data/MonoBleedingEdge/lib/mono/unityjit'
Mono config path = 'C:/Program Files/Unity/Hub/Editor/2020.3.22f1/Editor/Data/MonoBleedingEdge/etc'
Using monoOptions --debugger-agent=transport=dt_socket,embedding=1,server=y,suspend=n,address=127.0.0.1:56600
Begin MonoManager ReloadAssembly
Registering precompiled unity dll's ...
Register platform support module: C:/Program Files/Unity/Hub/Editor/2020.3.22f1/Editor/Data/PlaybackEngines/WindowsStandaloneSupport/UnityEditor.WindowsStandalone.Extensions.dll
Registered in 0.006070 seconds.
Native extension for WindowsStandalone target not found
Refreshing native plugins compatible for Editor in 77.56 ms, found 5 plugins.
Preloading 0 native plugins for Editor in 0.00 ms.
Mono: successfully reloaded assembly
- Completed reload, in  5.799 seconds
Domain Reload Profiling:
	ReloadAssembly (5800ms)
		BeginReloadAssembly (172ms)
			ExecutionOrderSort (0ms)
			DisableScriptedObjects (0ms)
			BackupInstance (0ms)
			ReleaseScriptingObjects (0ms)
			CreateAndSetChildDomain (2ms)
		EndReloadAssembly (1052ms)
			LoadAssemblies (169ms)
			RebuildTransferFunctionScriptingTraits (0ms)
			SetupTypeCache (355ms)
			ReleaseScriptCaches (0ms)
			RebuildScriptCaches (71ms)
			SetupLoadedEditorAssemblies (356ms)
				LogAssemblyErrors (0ms)
				InitializePlatformSupportModulesInManaged (9ms)
				SetLoadedEditorAssemblies (0ms)
				RefreshPlugins (78ms)
				BeforeProcessingInitializeOnLoad (32ms)
				ProcessInitializeOnLoadAttributes (188ms)
				ProcessInitializeOnLoadMethodAttributes (48ms)
				AfterProcessingInitializeOnLoad (0ms)
				EditorAssembliesLoaded (0ms)
			ExecutionOrderSort2 (0ms)
			AwakeInstancesAfterBackupRestoration (0ms)
Platform modules already initialized, skipping
Registering precompiled user dll's ...
Registered in 0.017379 seconds.
Begin MonoManager ReloadAssembly
Native extension for WindowsStandalone target not found
Refreshing native plugins compatible for Editor in 0.82 ms, found 5 plugins.
Preloading 0 native plugins for Editor in 0.00 ms.
Mono: successfully reloaded assembly
- Completed reload, in  2.531 seconds
Domain Reload Profiling:
	ReloadAssembly (2534ms)
		BeginReloadAssembly (381ms)
			ExecutionOrderSort (0ms)
			DisableScriptedObjects (10ms)
			BackupInstance (0ms)
			ReleaseScriptingObjects (0ms)
			CreateAndSetChildDomain (38ms)
		EndReloadAssembly (2008ms)
			LoadAssemblies (260ms)
			RebuildTransferFunctionScriptingTraits (0ms)
			SetupTypeCache (726ms)
			ReleaseScriptCaches (1ms)
			RebuildScriptCaches (104ms)
			SetupLoadedEditorAssemblies (707ms)
				LogAssemblyErrors (0ms)
				InitializePlatformSupportModulesInManaged (11ms)
				SetLoadedEditorAssemblies (1ms)
				RefreshPlugins (1ms)
				BeforeProcessingInitializeOnLoad (217ms)
				ProcessInitializeOnLoadAttributes (439ms)
				ProcessInitializeOnLoadMethodAttributes (21ms)
				AfterProcessingInitializeOnLoad (16ms)
				EditorAssembliesLoaded (1ms)
			ExecutionOrderSort2 (0ms)
			AwakeInstancesAfterBackupRestoration (16ms)
Platform modules already initialized, skipping
========================================================================
Worker process is ready to serve import requests
Launched and connected shader compiler UnityShaderCompiler.exe after 0.18 seconds
Refreshing native plugins compatible for Editor in 0.82 ms, found 5 plugins.
Preloading 0 native plugins for Editor in 0.00 ms.
Unloading 1631 Unused Serialized files (Serialized files now loaded: 0)
System memory in use before: 76.1 MB.
System memory in use after: 76.1 MB.

Unloading 26 unused Assets to reduce memory usage. Loaded Objects now: 2057.
Total: 4.972500 ms (FindLiveObjects: 0.317900 ms CreateObjectMapping: 0.102000 ms MarkObjects: 4.461300 ms  DeleteObjects: 0.089500 ms)

AssetImportParameters requested are different than current active one (requested -> active):
  custom:framework-win-MediaFoundation: 216162199b28c13a410421893ffa2e32 -> 
  custom:video-decoder-ogg-theora: a1e56fd34408186e4bbccfd4996cb3dc -> 
  custom:container-muxer-webm: aa71ff27fc2769a1b78a27578f13a17b -> 
  custom:container-demuxer-webm: 4f35f7cbe854078d1ac9338744f61a02 -> 
  custom:container-demuxer-ogg: 62fdf1f143b41e24485cea50d1cbac27 -> 
  custom:video-encoder-webm-vp8: eb34c28f22e8b96e1ab97ce403110664 -> 
  custom:video-codec-MediaFoundation-h265: 746d11721c4dcdbdad8f713fa42b33f4 -> 
  custom:video-decoder-webm-vp8: 9c59270c3fd7afecdb556c50c9e8de78 -> 
  custom:audio-decoder-ogg-vorbis: bf7c407c2cedff20999df2af8eb42d56 -> 
  custom:audio-encoder-webm-vorbis: bf7c407c2cedff20999df2af8eb42d56 -> 
========================================================================
Received Import Request.
  path: Assets/Scripts/Materials/RightEyeCameraTexture 1.mat
  artifactKey: Guid(b15f0862c2732064cadf9354350aa47c) Importer(815301076,1909f56bfc062723c751e8b465ee728b)
Start importing Assets/Scripts/Materials/RightEyeCameraTexture 1.mat using Guid(b15f0862c2732064cadf9354350aa47c) Importer(815301076,1909f56bfc062723c751e8b465ee728b)  -> (artifact id: '97994543af957a6b20d23e5152eaac40') in 0.363155 seconds 
  Import took 0.369718 seconds .

========================================================================
Received Import Request.
  Time since last request: 0.000626 seconds.
  path: Assets/Scripts/Materials
  artifactKey: Guid(f21d3121fae75d94b9d60fc8bf5101c1) Importer(815301076,1909f56bfc062723c751e8b465ee728b)
Start importing Assets/Scripts/Materials using Guid(f21d3121fae75d94b9d60fc8bf5101c1) Importer(815301076,1909f56bfc062723c751e8b465ee728b)  -> (artifact id: '4f27a8a760abec78328fa07dbd395311') in 0.014973 seconds 
  Import took 0.022024 seconds .

========================================================================
Received Import Request.
  Time since last request: 0.000380 seconds.
  path: Assets/Scripts/Materials/LeftEyeTexture.mat
  artifactKey: Guid(38485167a76d51247aba0af46ea4f7f9) Importer(815301076,1909f56bfc062723c751e8b465ee728b)
Start importing Assets/Scripts/Materials/LeftEyeTexture.mat using Guid(38485167a76d51247aba0af46ea4f7f9) Importer(815301076,1909f56bfc062723c751e8b465ee728b)  -> (artifact id: '079b1abf8f5365afd16cb12e8d1aea73') in 0.094441 seconds 
  Import took 0.100587 seconds .

========================================================================
Received Import Request.
  Time since last request: 0.001260 seconds.
  path: Assets/Scripts/Materials/RightEyeCameraTexture.mat
  artifactKey: Guid(923b12ddd2038464ba68d3a225e63980) Importer(815301076,1909f56bfc062723c751e8b465ee728b)
Start importing Assets/Scripts/Materials/RightEyeCameraTexture.mat using Guid(923b12ddd2038464ba68d3a225e63980) Importer(815301076,1909f56bfc062723c751e8b465ee728b)  -> (artifact id: '8ad59e6f9d6d45bb65577d97932cba85') in 0.033390 seconds 
  Import took 0.043660 seconds .

========================================================================
Received Import Request.
  Time since last request: 0.001158 seconds.
  path: Assets/Scripts/Materials/LeftEyeCameraTexture.mat
  artifactKey: Guid(aaade4290ab00674ab55c1e2280f3550) Importer(815301076,1909f56bfc062723c751e8b465ee728b)
Start importing Assets/Scripts/Materials/LeftEyeCameraTexture.mat using Guid(aaade4290ab00674ab55c1e2280f3550) Importer(815301076,1909f56bfc062723c751e8b465ee728b)  -> (artifact id: '4d2a7470fc74012051724c3330466bbe') in 0.059971 seconds 
  Import took 0.067871 seconds .

========================================================================
Received Import Request.
  Time since last request: 16.011081 seconds.
  path: Assets/Scripts/throw.cs
  artifactKey: Guid(d52ef880788f26f48b4cd87838a6aaed) Importer(815301076,1909f56bfc062723c751e8b465ee728b)
Start importing Assets/Scripts/throw.cs using Guid(d52ef880788f26f48b4cd87838a6aaed) Importer(815301076,1909f56bfc062723c751e8b465ee728b)  -> (artifact id: 'e44bb27be60be9f8acbb96d0c33a754d') in 0.018729 seconds 
  Import took 0.024265 seconds .

========================================================================
Received Import Request.
  Time since last request: 113.575447 seconds.
  path: Assets/Scripts/throw.cs
  artifactKey: Guid(d52ef880788f26f48b4cd87838a6aaed) Importer(815301076,1909f56bfc062723c751e8b465ee728b)
Start importing Assets/Scripts/throw.cs using Guid(d52ef880788f26f48b4cd87838a6aaed) Importer(815301076,1909f56bfc062723c751e8b465ee728b)  -> (artifact id: 'd2520c6e167e66e171399c22a6a09ef5') in 0.013070 seconds 
  Import took 0.021948 seconds .

========================================================================
Received Import Request.
  Time since last request: 83.323259 seconds.
  path: Assets/Scripts/throw.cs
  artifactKey: Guid(d52ef880788f26f48b4cd87838a6aaed) Importer(815301076,1909f56bfc062723c751e8b465ee728b)
Start importing Assets/Scripts/throw.cs using Guid(d52ef880788f26f48b4cd87838a6aaed) Importer(815301076,1909f56bfc062723c751e8b465ee728b)  -> (artifact id: 'c06dd313a10d0d30f26f4b8d66c5c64a') in 0.017075 seconds 
  Import took 0.023262 seconds .

========================================================================
Received Import Request.
  Time since last request: 10.740309 seconds.
  path: Assets/Scripts/Throw.cs
  artifactKey: Guid(d52ef880788f26f48b4cd87838a6aaed) Importer(815301076,1909f56bfc062723c751e8b465ee728b)
Start importing Assets/Scripts/Throw.cs using Guid(d52ef880788f26f48b4cd87838a6aaed) Importer(815301076,1909f56bfc062723c751e8b465ee728b)  -> (artifact id: 'b001962f3922269b62fbf255e816713b') in 0.010235 seconds 
  Import took 0.016957 seconds .

========================================================================
Received Import Request.
  Time since last request: 307.733018 seconds.
  path: Assets/Scripts/Throw.cs
  artifactKey: Guid(d52ef880788f26f48b4cd87838a6aaed) Importer(815301076,1909f56bfc062723c751e8b465ee728b)
Start importing Assets/Scripts/Throw.cs using Guid(d52ef880788f26f48b4cd87838a6aaed) Importer(815301076,1909f56bfc062723c751e8b465ee728b)  -> (artifact id: '1b9811816605de80a7012827f06386ff') in 0.011270 seconds 
  Import took 0.017411 seconds .

========================================================================
Received Prepare
Registering precompiled user dll's ...
Registered in 0.012213 seconds.
Begin MonoManager ReloadAssembly
Native extension for WindowsStandalone target not found
Refreshing native plugins compatible for Editor in 0.82 ms, found 5 plugins.
Preloading 0 native plugins for Editor in 0.00 ms.
Mono: successfully reloaded assembly
- Completed reload, in  2.331 seconds
Domain Reload Profiling:
	ReloadAssembly (2332ms)
		BeginReloadAssembly (298ms)
			ExecutionOrderSort (0ms)
			DisableScriptedObjects (9ms)
			BackupInstance (0ms)
			ReleaseScriptingObjects (0ms)
			CreateAndSetChildDomain (78ms)
		EndReloadAssembly (1892ms)
			LoadAssemblies (254ms)
			RebuildTransferFunctionScriptingTraits (0ms)
			SetupTypeCache (645ms)
			ReleaseScriptCaches (2ms)
			RebuildScriptCaches (102ms)
			SetupLoadedEditorAssemblies (693ms)
				LogAssemblyErrors (0ms)
				InitializePlatformSupportModulesInManaged (14ms)
				SetLoadedEditorAssemblies (1ms)
				RefreshPlugins (1ms)
				BeforeProcessingInitializeOnLoad (217ms)
				ProcessInitializeOnLoadAttributes (443ms)
				ProcessInitializeOnLoadMethodAttributes (9ms)
				AfterProcessingInitializeOnLoad (7ms)
				EditorAssembliesLoaded (0ms)
			ExecutionOrderSort2 (0ms)
			AwakeInstancesAfterBackupRestoration (10ms)
Platform modules already initialized, skipping
Refreshing native plugins compatible for Editor in 0.85 ms, found 5 plugins.
Preloading 0 native plugins for Editor in 0.00 ms.
Unloading 1620 Unused Serialized files (Serialized files now loaded: 0)
System memory in use before: 78.6 MB.
System memory in use after: 78.7 MB.

Unloading 21 unused Assets to reduce memory usage. Loaded Objects now: 2100.
Total: 6.663100 ms (FindLiveObjects: 0.335900 ms CreateObjectMapping: 0.126100 ms MarkObjects: 6.155500 ms  DeleteObjects: 0.043600 ms)

AssetImportParameters requested are different than current active one (requested -> active):
  custom:framework-win-MediaFoundation: 216162199b28c13a410421893ffa2e32 -> 
  custom:video-decoder-ogg-theora: a1e56fd34408186e4bbccfd4996cb3dc -> 
  custom:container-muxer-webm: aa71ff27fc2769a1b78a27578f13a17b -> 
  custom:container-demuxer-webm: 4f35f7cbe854078d1ac9338744f61a02 -> 
  custom:container-demuxer-ogg: 62fdf1f143b41e24485cea50d1cbac27 -> 
  custom:video-encoder-webm-vp8: eb34c28f22e8b96e1ab97ce403110664 -> 
  custom:video-codec-MediaFoundation-h265: 746d11721c4dcdbdad8f713fa42b33f4 -> 
  custom:video-decoder-webm-vp8: 9c59270c3fd7afecdb556c50c9e8de78 -> 
  custom:audio-decoder-ogg-vorbis: bf7c407c2cedff20999df2af8eb42d56 -> 
  custom:audio-encoder-webm-vorbis: bf7c407c2cedff20999df2af8eb42d56 -> 
========================================================================
Received Import Request.
  Time since last request: 30.843658 seconds.
  path: Assets/Scripts/Throw.cs
  artifactKey: Guid(d52ef880788f26f48b4cd87838a6aaed) Importer(815301076,1909f56bfc062723c751e8b465ee728b)
Start importing Assets/Scripts/Throw.cs using Guid(d52ef880788f26f48b4cd87838a6aaed) Importer(815301076,1909f56bfc062723c751e8b465ee728b)  -> (artifact id: 'ffef12bc51da7f9a8e2c35a14c82e8cf') in 0.019971 seconds 
  Import took 0.027157 seconds .

========================================================================
Received Prepare
Registering precompiled user dll's ...
Registered in 0.051122 seconds.
Begin MonoManager ReloadAssembly
Native extension for WindowsStandalone target not found
Refreshing native plugins compatible for Editor in 3.63 ms, found 5 plugins.
Preloading 0 native plugins for Editor in 0.00 ms.
Mono: successfully reloaded assembly
- Completed reload, in  5.312 seconds
Domain Reload Profiling:
	ReloadAssembly (5313ms)
		BeginReloadAssembly (624ms)
			ExecutionOrderSort (0ms)
			DisableScriptedObjects (28ms)
			BackupInstance (0ms)
			ReleaseScriptingObjects (0ms)
			CreateAndSetChildDomain (158ms)
		EndReloadAssembly (4388ms)
			LoadAssemblies (580ms)
			RebuildTransferFunctionScriptingTraits (0ms)
			SetupTypeCache (1583ms)
			ReleaseScriptCaches (3ms)
			RebuildScriptCaches (247ms)
			SetupLoadedEditorAssemblies (1567ms)
				LogAssemblyErrors (0ms)
				InitializePlatformSupportModulesInManaged (27ms)
				SetLoadedEditorAssemblies (6ms)
				RefreshPlugins (4ms)
				BeforeProcessingInitializeOnLoad (496ms)
				ProcessInitializeOnLoadAttributes (942ms)
				ProcessInitializeOnLoadMethodAttributes (56ms)
				AfterProcessingInitializeOnLoad (35ms)
				EditorAssembliesLoaded (1ms)
			ExecutionOrderSort2 (0ms)
			AwakeInstancesAfterBackupRestoration (37ms)
Platform modules already initialized, skipping
Refreshing native plugins compatible for Editor in 3.08 ms, found 5 plugins.
Preloading 0 native plugins for Editor in 0.00 ms.
Unloading 1620 Unused Serialized files (Serialized files now loaded: 0)
System memory in use before: 78.7 MB.
System memory in use after: 78.8 MB.

Unloading 21 unused Assets to reduce memory usage. Loaded Objects now: 2102.
Total: 13.718900 ms (FindLiveObjects: 0.374800 ms CreateObjectMapping: 0.594800 ms MarkObjects: 12.683800 ms  DeleteObjects: 0.062400 ms)

AssetImportParameters requested are different than current active one (requested -> active):
  custom:framework-win-MediaFoundation: 216162199b28c13a410421893ffa2e32 -> 
  custom:video-decoder-ogg-theora: a1e56fd34408186e4bbccfd4996cb3dc -> 
  custom:container-muxer-webm: aa71ff27fc2769a1b78a27578f13a17b -> 
  custom:container-demuxer-webm: 4f35f7cbe854078d1ac9338744f61a02 -> 
  custom:container-demuxer-ogg: 62fdf1f143b41e24485cea50d1cbac27 -> 
  custom:video-encoder-webm-vp8: eb34c28f22e8b96e1ab97ce403110664 -> 
  custom:video-codec-MediaFoundation-h265: 746d11721c4dcdbdad8f713fa42b33f4 -> 
  custom:video-decoder-webm-vp8: 9c59270c3fd7afecdb556c50c9e8de78 -> 
  custom:audio-decoder-ogg-vorbis: bf7c407c2cedff20999df2af8eb42d56 -> 
  custom:audio-encoder-webm-vorbis: bf7c407c2cedff20999df2af8eb42d56 -> 
